Performing C SOURCE FILE Test CMAKE_HAVE_LIBC_PTHREAD failed with the following output:
Change Dir: /home/zbc/eclipse-workspace/virtual_switch/build/default/CMakeFiles/CMakeTmp

Run Build Command(s):/usr/bin/ninja cmTC_40a7a && [1/2] Building C object CMakeFiles/cmTC_40a7a.dir/src.c.o
[2/2] Linking C executable cmTC_40a7a
FAILED: cmTC_40a7a 
: && /usr/bin/cc -DCMAKE_HAVE_LIBC_PTHREAD -rdynamic CMakeFiles/cmTC_40a7a.dir/src.c.o -o cmTC_40a7a   && :
/usr/bin/ld: CMakeFiles/cmTC_40a7a.dir/src.c.o: in function `main':
src.c:(.text+0x3e): undefined reference to `pthread_create'
/usr/bin/ld: src.c:(.text+0x4a): undefined reference to `pthread_detach'
/usr/bin/ld: src.c:(.text+0x56): undefined reference to `pthread_cancel'
/usr/bin/ld: src.c:(.text+0x67): undefined reference to `pthread_join'
collect2: 错误：ld 返回 1
ninja: build stopped: subcommand failed.


Source file was:
#include <pthread.h>

void* test_func(void* data)
{
  return data;
}

int main(void)
{
  pthread_t thread;
  pthread_create(&thread, NULL, test_func, NULL);
  pthread_detach(thread);
  pthread_cancel(thread);
  pthread_join(thread, NULL);
  pthread_atfork(NULL, NULL, NULL);
  pthread_exit(NULL);

  return 0;
}

Determining if the function pthread_create exists in the pthreads failed with the following output:
Change Dir: /home/zbc/eclipse-workspace/virtual_switch/build/default/CMakeFiles/CMakeTmp

Run Build Command(s):/usr/bin/ninja cmTC_cbaa6 && [1/2] Building C object CMakeFiles/cmTC_cbaa6.dir/CheckFunctionExists.c.o
[2/2] Linking C executable cmTC_cbaa6
FAILED: cmTC_cbaa6 
: && /usr/bin/cc -DCHECK_FUNCTION_EXISTS=pthread_create -rdynamic CMakeFiles/cmTC_cbaa6.dir/CheckFunctionExists.c.o -o cmTC_cbaa6  -lpthreads && :
/usr/bin/ld: 找不到 -lpthreads
collect2: 错误：ld 返回 1
ninja: build stopped: subcommand failed.



